-------------------------------------------------------------------------------
Test set: guru.springframework.sfgpetclinic.controllers.OwnerControllerTest
-------------------------------------------------------------------------------
Tests run: 6, Failures: 1, Errors: 0, Skipped: 0, Time elapsed: 0.238 s <<< FAILURE! - in guru.springframework.sfgpetclinic.controllers.OwnerControllerTest
listOwners  Time elapsed: 0.016 s  <<< FAILURE!
java.lang.AssertionError: Status expected:<200> but was:<404>
	at guru.springframework.sfgpetclinic.controllers.OwnerControllerTest.listOwners(OwnerControllerTest.java:63)

